TN:
SF:src/context/CartContext.jsx
FN:5,useCart
FN:7,CartProvider
FNF:2
FNH:2
FNDA:14,useCart
FNDA:9,CartProvider
DA:1,1
DA:3,1
DA:5,1
DA:7,1
DA:8,9
DA:10,9
DA:11,9
DA:12,9
DA:13,9
DA:15,9
LF:10
LH:10
BRDA:5,0,0,14
BRDA:7,1,0,9
BRF:2
BRH:2
end_of_record
TN:
SF:src/context/__tests__/CartContext.test.jsx
FN:6,Consumer
FN:11,onClick
FNF:2
FNH:2
FNDA:2,Consumer
FNDA:1,onClick
DA:1,1
DA:2,1
DA:3,1
DA:4,1
DA:6,2
DA:7,2
DA:8,2
DA:9,2
DA:10,2
DA:11,2
DA:12,2
DA:14,2
DA:16,1
DA:17,1
DA:18,1
DA:19,1
DA:20,1
DA:21,1
DA:22,1
DA:24,1
DA:26,1
DA:27,1
DA:28,1
DA:29,1
LF:24
LH:24
BRDA:6,0,0,2
BRDA:11,1,0,1
BRDA:11,2,0,1
BRDA:16,3,0,1
BRDA:17,4,0,1
BRF:5
BRH:5
end_of_record
TN:
SF:src/hooks/use-toast.js
FN:1,(empty-report)
FNF:1
FNH:0
FNDA:0,(empty-report)
DA:1,0
DA:4,0
DA:5,0
DA:7,0
DA:8,0
DA:9,0
DA:10,0
DA:11,0
DA:12,0
DA:14,0
DA:16,0
DA:17,0
DA:18,0
DA:19,0
DA:21,0
DA:23,0
DA:24,0
DA:25,0
DA:26,0
DA:28,0
DA:29,0
DA:30,0
DA:31,0
DA:32,0
DA:33,0
DA:34,0
DA:36,0
DA:37,0
DA:39,0
DA:40,0
DA:41,0
DA:42,0
DA:43,0
DA:44,0
DA:45,0
DA:47,0
DA:48,0
DA:49,0
DA:50,0
DA:51,0
DA:52,0
DA:54,0
DA:55,0
DA:57,0
DA:58,0
DA:59,0
DA:60,0
DA:61,0
DA:62,0
DA:63,0
DA:64,0
DA:65,0
DA:67,0
DA:68,0
DA:69,0
DA:70,0
DA:71,0
DA:72,0
DA:73,0
DA:74,0
DA:75,0
DA:76,0
DA:77,0
DA:78,0
DA:79,0
DA:80,0
DA:81,0
DA:82,0
DA:83,0
DA:84,0
DA:85,0
DA:86,0
DA:87,0
DA:88,0
DA:89,0
DA:90,0
DA:92,0
DA:94,0
DA:96,0
DA:97,0
DA:98,0
DA:99,0
DA:100,0
DA:101,0
DA:103,0
DA:104,0
DA:105,0
DA:106,0
DA:108,0
DA:109,0
DA:110,0
DA:111,0
DA:112,0
DA:113,0
DA:115,0
DA:116,0
DA:117,0
DA:118,0
DA:119,0
DA:120,0
DA:121,0
DA:122,0
DA:123,0
DA:124,0
DA:125,0
DA:127,0
DA:128,0
DA:129,0
DA:130,0
DA:131,0
DA:132,0
DA:134,0
DA:135,0
DA:137,0
DA:138,0
DA:139,0
DA:140,0
DA:141,0
DA:142,0
DA:143,0
DA:144,0
DA:145,0
DA:147,0
DA:148,0
DA:149,0
DA:150,0
DA:151,0
DA:152,0
LF:128
LH:0
BRDA:1,0,0,0
BRF:1
BRH:0
end_of_record
TN:
SF:src/lib/utils.js
FN:4,cn
FNF:1
FNH:1
FNDA:425,cn
DA:1,1
DA:4,1
DA:5,425
DA:6,425
LF:4
LH:4
BRDA:4,0,0,425
BRF:1
BRH:1
end_of_record
TN:
SF:src/lib/__tests__/utils.test.js
FNF:0
FNH:0
DA:1,1
DA:2,1
DA:3,1
DA:4,1
DA:5,1
DA:6,1
DA:7,1
DA:8,1
DA:9,1
DA:10,1
DA:11,1
LF:11
LH:11
BRDA:4,0,0,1
BRDA:5,1,0,1
BRDA:6,2,0,0
BRF:3
BRH:2
end_of_record
TN:
SF:src/pages/Cart.jsx
FN:40,Cart
FN:61,onSubmit
FN:66,calculateSubtotal
FN:74,calculateItems
FN:82,calculateItems2
FN:90,fetchCart
FN:148,handleCartChange
FN:153,makePayment
FN:189,render
FNF:9
FNH:5
FNDA:2,Cart
FNDA:0,onSubmit
FNDA:1,calculateSubtotal
FNDA:1,calculateItems
FNDA:1,calculateItems2
FNDA:1,fetchCart
FNDA:0,handleCartChange
FNDA:0,makePayment
FNDA:0,render
DA:1,1
DA:25,1
DA:26,1
DA:27,1
DA:28,1
DA:29,1
DA:30,1
DA:31,1
DA:32,1
DA:33,1
DA:40,2
DA:41,2
DA:42,2
DA:43,2
DA:45,2
DA:46,2
DA:47,2
DA:48,2
DA:49,2
DA:50,2
DA:51,2
DA:53,2
DA:54,2
DA:55,2
DA:56,2
DA:57,2
DA:58,2
DA:59,2
DA:61,2
DA:62,0
DA:63,0
DA:64,0
DA:66,2
DA:67,1
DA:68,1
DA:69,0
DA:70,0
DA:71,1
DA:72,1
DA:74,2
DA:75,1
DA:76,1
DA:77,0
DA:78,0
DA:79,1
DA:80,1
DA:82,2
DA:83,1
DA:84,1
DA:85,0
DA:86,0
DA:87,1
DA:88,1
DA:90,2
DA:91,1
DA:92,1
DA:93,1
DA:94,1
DA:96,1
DA:97,1
DA:98,1
DA:100,1
DA:101,0
DA:102,0
DA:103,0
DA:104,1
DA:105,1
DA:107,1
DA:109,1
DA:110,1
DA:111,1
DA:112,1
DA:113,1
DA:114,1
DA:115,0
DA:117,0
DA:119,0
DA:120,0
DA:121,0
DA:122,0
DA:123,0
DA:124,0
DA:125,0
DA:127,0
DA:128,0
DA:129,0
DA:130,0
DA:131,0
DA:132,0
DA:133,0
DA:134,0
DA:136,0
DA:137,0
DA:138,0
DA:139,0
DA:140,1
DA:141,0
DA:142,0
DA:143,0
DA:144,0
DA:145,0
DA:146,1
DA:148,2
DA:149,0
DA:150,0
DA:151,0
DA:153,2
DA:154,0
DA:155,0
DA:156,0
DA:157,0
DA:158,0
DA:159,0
DA:160,0
DA:161,0
DA:162,0
DA:163,0
DA:164,0
DA:165,0
DA:166,0
DA:167,0
DA:168,0
DA:169,0
DA:170,0
DA:172,2
DA:173,1
DA:174,2
DA:176,2
DA:177,2
DA:178,1
DA:179,1
DA:180,1
DA:181,0
DA:182,0
DA:183,0
DA:184,0
DA:186,0
DA:187,0
DA:188,0
DA:189,0
DA:190,0
DA:191,0
DA:192,0
DA:193,0
DA:195,0
DA:196,0
DA:197,0
DA:198,0
DA:199,0
DA:200,0
DA:201,0
DA:202,0
DA:203,0
DA:204,0
DA:205,0
DA:206,0
DA:207,0
DA:209,0
DA:210,0
DA:211,0
DA:212,0
DA:213,0
DA:214,0
DA:215,0
DA:216,0
DA:217,0
DA:218,0
DA:219,0
DA:220,0
DA:221,0
DA:222,0
DA:223,0
DA:224,0
DA:225,0
DA:226,0
DA:227,0
DA:228,0
DA:229,0
DA:230,0
DA:231,0
DA:233,0
DA:234,0
DA:235,0
DA:236,0
DA:237,0
DA:238,0
DA:239,0
DA:240,0
DA:241,0
DA:242,0
DA:243,0
DA:244,0
DA:245,0
DA:246,0
DA:247,0
DA:248,0
DA:250,0
DA:251,0
DA:252,0
DA:253,0
DA:255,0
DA:256,0
DA:257,0
DA:259,1
DA:260,1
DA:261,1
DA:262,1
DA:263,1
DA:264,1
DA:265,1
DA:266,1
DA:268,1
DA:269,1
DA:270,1
DA:271,1
DA:272,1
DA:273,1
DA:274,1
DA:275,1
DA:276,1
DA:277,1
DA:278,1
DA:279,1
DA:280,1
DA:281,1
DA:282,1
DA:283,1
DA:284,1
DA:285,1
DA:286,1
DA:287,1
DA:290,2
LF:232
LH:103
BRDA:40,0,0,2
BRDA:177,1,0,1
BRDA:180,2,0,0
BRDA:66,3,0,1
BRDA:68,4,0,0
BRDA:74,5,0,1
BRDA:76,6,0,0
BRDA:82,7,0,1
BRDA:84,8,0,0
BRDA:90,9,0,1
BRDA:114,10,0,0
BRDA:140,11,0,0
BRDA:172,12,0,1
BRF:13
BRH:7
end_of_record
TN:
SF:src/pages/Generate.jsx
FN:1,(empty-report)
FNF:1
FNH:0
FNDA:0,(empty-report)
DA:1,0
DA:32,0
DA:33,0
DA:34,0
DA:35,0
DA:36,0
DA:37,0
DA:38,0
DA:39,0
DA:40,0
DA:41,0
DA:42,0
DA:43,0
DA:44,0
DA:45,0
DA:46,0
DA:47,0
DA:48,0
DA:50,0
DA:51,0
DA:52,0
DA:53,0
DA:54,0
DA:56,0
DA:57,0
DA:58,0
DA:59,0
DA:60,0
DA:61,0
DA:62,0
DA:63,0
DA:64,0
DA:65,0
DA:66,0
DA:67,0
DA:68,0
DA:69,0
DA:70,0
DA:71,0
DA:72,0
DA:74,0
DA:75,0
DA:76,0
DA:77,0
DA:79,0
DA:80,0
DA:81,0
DA:82,0
DA:83,0
DA:84,0
DA:85,0
DA:86,0
DA:87,0
DA:88,0
DA:89,0
DA:90,0
DA:91,0
DA:92,0
DA:93,0
DA:94,0
DA:95,0
DA:96,0
DA:97,0
DA:98,0
DA:99,0
DA:100,0
DA:101,0
DA:102,0
DA:103,0
DA:104,0
DA:105,0
DA:106,0
DA:107,0
DA:109,0
DA:110,0
DA:111,0
DA:113,0
DA:114,0
DA:115,0
DA:117,0
DA:118,0
DA:119,0
DA:120,0
DA:121,0
DA:122,0
DA:123,0
DA:124,0
DA:125,0
DA:127,0
DA:128,0
DA:129,0
DA:131,0
DA:132,0
DA:133,0
DA:134,0
DA:137,0
DA:138,0
DA:139,0
DA:143,0
DA:144,0
DA:146,0
DA:147,0
DA:148,0
DA:149,0
DA:150,0
DA:151,0
DA:152,0
DA:153,0
DA:154,0
DA:155,0
DA:156,0
DA:157,0
DA:158,0
DA:159,0
DA:160,0
DA:161,0
DA:162,0
DA:164,0
DA:165,0
DA:166,0
DA:167,0
DA:168,0
DA:169,0
DA:171,0
LF:124
LH:0
BRDA:1,0,0,0
BRF:1
BRH:0
end_of_record
TN:
SF:src/pages/Hero.jsx
FN:14,Hero
FN:16,handleClick
FN:64,onClick
FN:82,onLoad
FNF:4
FNH:1
FNDA:1,Hero
FNDA:0,handleClick
FNDA:0,onClick
FNDA:0,onLoad
DA:1,1
DA:14,1
DA:15,1
DA:16,1
DA:17,0
DA:18,0
DA:19,1
DA:20,1
DA:21,1
DA:22,1
DA:23,1
DA:24,1
DA:25,1
DA:26,1
DA:27,1
DA:29,1
DA:30,1
DA:31,1
DA:32,0
DA:33,1
DA:34,1
DA:35,1
DA:36,1
DA:37,1
DA:38,1
DA:39,1
DA:41,1
DA:42,1
DA:43,1
DA:44,1
DA:46,1
DA:47,1
DA:51,1
DA:52,1
DA:53,1
DA:54,1
DA:55,1
DA:56,1
DA:57,1
DA:59,1
DA:60,1
DA:61,1
DA:62,1
DA:63,1
DA:64,1
DA:65,0
DA:66,0
DA:68,1
DA:70,1
DA:71,1
DA:72,1
DA:73,1
DA:74,1
DA:76,1
DA:77,1
DA:79,1
DA:80,1
DA:81,1
DA:82,1
DA:83,1
DA:84,1
DA:85,1
DA:86,1
DA:87,1
DA:88,1
DA:90,1
LF:66
LH:61
BRDA:14,0,0,1
BRDA:83,1,0,0
BRDA:30,2,0,1
BRDA:34,3,0,1
BRF:4
BRH:3
end_of_record
TN:
SF:src/pages/LoginRegister.jsx
FN:1,(empty-report)
FNF:1
FNH:0
FNDA:0,(empty-report)
DA:1,0
DA:13,0
DA:14,0
DA:15,0
DA:16,0
DA:17,0
DA:18,0
DA:19,0
DA:20,0
DA:21,0
DA:22,0
DA:23,0
DA:24,0
DA:25,0
DA:26,0
DA:27,0
DA:28,0
DA:29,0
DA:30,0
DA:31,0
DA:32,0
DA:33,0
DA:34,0
DA:36,0
LF:24
LH:0
BRDA:1,0,0,0
BRF:1
BRH:0
end_of_record
TN:
SF:src/pages/Moderate.jsx
FN:28,Moderate
FN:45,handlePageChange
FN:55,fetchProducts
FN:84,deleteProduct
FN:105,approveProduct
FN:160,onClick
FN:168,onClick
FN:175,onClick
FN:182,onClick
FN:196,onClick
FN:204,onClick
FN:237,onClick
FN:245,onClick
FN:252,onClick
FN:259,onClick
FN:273,onClick
FN:281,onClick
FNF:17
FNH:2
FNDA:2,Moderate
FNDA:0,handlePageChange
FNDA:1,fetchProducts
FNDA:0,deleteProduct
FNDA:0,approveProduct
FNDA:0,onClick
FNDA:0,onClick
FNDA:0,onClick
FNDA:0,onClick
FNDA:0,onClick
FNDA:0,onClick
FNDA:0,onClick
FNDA:0,onClick
FNDA:0,onClick
FNDA:0,onClick
FNDA:0,onClick
FNDA:0,onClick
DA:1,1
DA:28,2
DA:29,2
DA:30,2
DA:31,2
DA:32,2
DA:33,2
DA:34,2
DA:35,2
DA:37,2
DA:38,2
DA:39,2
DA:45,2
DA:46,0
DA:47,0
DA:48,0
DA:49,0
DA:50,0
DA:55,2
DA:56,1
DA:57,1
DA:58,1
DA:59,1
DA:60,1
DA:61,1
DA:62,1
DA:63,1
DA:64,1
DA:65,1
DA:67,1
DA:68,1
DA:69,1
DA:70,1
DA:71,1
DA:72,1
DA:73,1
DA:74,1
DA:75,1
DA:76,1
DA:77,1
DA:78,1
DA:84,2
DA:85,0
DA:86,0
DA:87,0
DA:88,0
DA:89,0
DA:90,0
DA:91,0
DA:92,0
DA:93,0
DA:94,0
DA:95,0
DA:96,0
DA:97,0
DA:98,0
DA:99,0
DA:105,2
DA:106,0
DA:107,0
DA:108,0
DA:109,0
DA:110,0
DA:111,0
DA:112,0
DA:113,0
DA:114,0
DA:115,0
DA:116,0
DA:117,0
DA:118,0
DA:119,0
DA:120,0
DA:121,0
DA:122,0
DA:123,0
DA:125,2
DA:126,1
DA:127,2
DA:129,2
DA:130,1
DA:131,0
DA:132,0
DA:133,0
DA:134,0
DA:135,0
DA:136,0
DA:137,0
DA:139,0
DA:140,0
DA:141,0
DA:142,0
DA:143,0
DA:145,0
DA:146,0
DA:147,0
DA:148,0
DA:149,0
DA:150,0
DA:151,0
DA:152,0
DA:153,0
DA:155,0
DA:156,0
DA:157,0
DA:158,0
DA:159,0
DA:160,0
DA:161,0
DA:162,0
DA:163,0
DA:166,0
DA:167,0
DA:168,0
DA:169,0
DA:170,0
DA:171,0
DA:174,0
DA:175,0
DA:176,0
DA:177,0
DA:178,0
DA:180,0
DA:181,0
DA:182,0
DA:183,0
DA:184,0
DA:185,0
DA:188,0
DA:189,0
DA:190,0
DA:191,0
DA:194,0
DA:195,0
DA:196,0
DA:197,0
DA:198,0
DA:199,0
DA:202,0
DA:203,0
DA:204,0
DA:205,0
DA:206,0
DA:207,0
DA:209,0
DA:210,0
DA:211,0
DA:212,0
DA:213,1
DA:215,1
DA:216,1
DA:217,1
DA:218,1
DA:219,1
DA:220,1
DA:221,1
DA:222,1
DA:223,1
DA:225,1
DA:226,1
DA:229,1
DA:230,1
DA:231,1
DA:232,1
DA:233,1
DA:234,1
DA:235,1
DA:236,0
DA:237,0
DA:238,0
DA:239,0
DA:240,0
DA:243,1
DA:244,0
DA:245,0
DA:246,0
DA:247,0
DA:248,0
DA:251,1
DA:252,1
DA:253,1
DA:254,1
DA:255,1
DA:257,1
DA:258,0
DA:259,0
DA:260,0
DA:261,0
DA:262,0
DA:265,1
DA:266,0
DA:267,0
DA:268,0
DA:271,1
DA:272,0
DA:273,0
DA:274,0
DA:275,0
DA:276,0
DA:279,1
DA:280,0
DA:281,0
DA:282,0
DA:283,0
DA:284,0
DA:286,1
DA:287,1
DA:288,1
DA:289,1
DA:290,1
DA:291,1
DA:293,2
LF:212
LH:79
BRDA:28,0,0,2
BRDA:129,1,0,1
BRDA:130,2,0,0
BRDA:213,3,0,1
BRDA:235,4,0,0
BRDA:243,5,0,0
BRDA:257,6,0,0
BRDA:265,7,0,0
BRDA:271,8,0,0
BRDA:279,9,0,0
BRDA:55,10,0,1
BRDA:125,11,0,1
BRF:12
BRH:5
end_of_record
TN:
SF:src/pages/MyAccount.jsx
FN:37,MyAccount
FN:44,handleDelete
FN:80,onClick
FN:110,onChange
FNF:4
FNH:3
FNDA:3,MyAccount
FNDA:1,handleDelete
FNDA:0,onClick
FNDA:1,onChange
DA:1,1
DA:37,3
DA:38,3
DA:39,3
DA:40,3
DA:41,3
DA:43,3
DA:44,3
DA:45,1
DA:46,1
DA:47,1
DA:48,1
DA:49,1
DA:50,1
DA:51,1
DA:52,1
DA:53,1
DA:54,1
DA:55,1
DA:56,1
DA:57,1
DA:58,1
DA:59,1
DA:60,0
DA:61,0
DA:62,0
DA:63,0
DA:64,1
DA:66,3
DA:67,3
DA:68,3
DA:69,3
DA:70,3
DA:71,3
DA:72,3
DA:74,3
DA:75,3
DA:76,3
DA:77,3
DA:78,3
DA:79,3
DA:80,3
DA:81,0
DA:82,0
DA:84,3
DA:86,3
DA:87,3
DA:88,3
DA:89,3
DA:90,3
DA:91,3
DA:93,3
DA:95,3
DA:96,3
DA:97,3
DA:98,3
DA:99,3
DA:100,3
DA:103,3
DA:104,3
DA:105,3
DA:106,3
DA:107,3
DA:108,3
DA:109,3
DA:110,3
DA:111,3
DA:112,3
DA:113,3
DA:114,3
DA:115,3
DA:116,3
DA:117,3
DA:118,3
DA:119,3
DA:120,3
DA:122,3
DA:123,3
DA:124,3
DA:125,3
DA:126,3
DA:127,3
DA:128,3
DA:130,3
LF:84
LH:78
BRDA:37,0,0,3
BRDA:44,1,0,1
BRDA:59,2,0,0
BRDA:110,3,0,1
BRF:4
BRH:3
end_of_record
TN:
SF:src/pages/Orders.jsx
FN:27,Orders
FN:43,handlePageChange
FN:50,fetchorders
FN:102,onClick
FN:110,onClick
FN:117,onClick
FN:124,onClick
FN:138,onClick
FN:146,onClick
FN:179,onClick
FN:187,onClick
FN:194,onClick
FN:201,onClick
FN:215,onClick
FN:223,onClick
FNF:15
FNH:2
FNDA:2,Orders
FNDA:0,handlePageChange
FNDA:1,fetchorders
FNDA:0,onClick
FNDA:0,onClick
FNDA:0,onClick
FNDA:0,onClick
FNDA:0,onClick
FNDA:0,onClick
FNDA:0,onClick
FNDA:0,onClick
FNDA:0,onClick
FNDA:0,onClick
FNDA:0,onClick
FNDA:0,onClick
DA:1,1
DA:27,2
DA:28,2
DA:29,2
DA:30,2
DA:31,2
DA:33,2
DA:35,2
DA:36,2
DA:37,2
DA:39,2
DA:40,2
DA:41,2
DA:43,2
DA:44,0
DA:45,0
DA:46,0
DA:47,0
DA:48,0
DA:50,2
DA:51,1
DA:52,1
DA:53,1
DA:54,1
DA:55,1
DA:56,1
DA:57,1
DA:58,1
DA:59,1
DA:60,1
DA:62,1
DA:63,1
DA:64,1
DA:65,1
DA:66,1
DA:67,1
DA:68,1
DA:69,0
DA:70,0
DA:71,0
DA:72,1
DA:74,2
DA:75,2
DA:77,2
DA:78,1
DA:79,2
DA:81,2
DA:82,2
DA:83,1
DA:84,1
DA:85,1
DA:86,1
DA:87,1
DA:88,1
DA:89,1
DA:90,1
DA:91,0
DA:92,0
DA:93,0
DA:94,1
DA:95,1
DA:97,1
DA:98,1
DA:99,1
DA:100,1
DA:101,0
DA:102,0
DA:103,0
DA:104,0
DA:105,0
DA:108,1
DA:109,0
DA:110,0
DA:111,0
DA:112,0
DA:113,0
DA:116,1
DA:117,1
DA:118,1
DA:119,1
DA:120,1
DA:122,1
DA:123,0
DA:124,0
DA:125,0
DA:126,0
DA:127,0
DA:130,1
DA:131,0
DA:132,0
DA:133,0
DA:136,1
DA:137,0
DA:138,0
DA:139,0
DA:140,0
DA:141,0
DA:144,1
DA:145,0
DA:146,0
DA:147,0
DA:148,0
DA:149,0
DA:151,1
DA:152,1
DA:153,1
DA:154,1
DA:155,1
DA:157,0
DA:158,0
DA:159,0
DA:160,0
DA:161,0
DA:162,0
DA:163,0
DA:164,0
DA:165,0
DA:167,0
DA:168,0
DA:171,0
DA:172,0
DA:173,0
DA:174,0
DA:175,0
DA:176,0
DA:177,0
DA:178,0
DA:179,0
DA:180,0
DA:181,0
DA:182,0
DA:185,0
DA:186,0
DA:187,0
DA:188,0
DA:189,0
DA:190,0
DA:193,0
DA:194,0
DA:195,0
DA:196,0
DA:197,0
DA:199,0
DA:200,0
DA:201,0
DA:202,0
DA:203,0
DA:204,0
DA:207,0
DA:208,0
DA:209,0
DA:210,0
DA:213,0
DA:214,0
DA:215,0
DA:216,0
DA:217,0
DA:218,0
DA:221,0
DA:222,0
DA:223,0
DA:224,0
DA:225,0
DA:226,0
DA:228,0
DA:229,0
DA:230,0
DA:231,0
DA:232,0
DA:233,0
DA:235,2
LF:171
LH:70
BRDA:27,0,0,2
BRDA:82,1,0,1
BRDA:100,2,0,0
BRDA:108,3,0,0
BRDA:122,4,0,0
BRDA:130,5,0,0
BRDA:136,6,0,0
BRDA:144,7,0,0
BRDA:154,8,0,1
BRDA:155,9,0,0
BRDA:50,10,0,1
BRDA:68,11,0,0
BRDA:77,12,0,1
BRF:13
BRH:5
end_of_record
TN:
SF:src/pages/ProductPage.jsx
FN:29,ProductPage
FN:43,handleValueChange
FN:47,handleSubmit
FN:77,FetchProduct
FN:112,onLoad
FN:130,onLoad
FNF:6
FNH:3
FNDA:3,ProductPage
FNDA:0,handleValueChange
FNDA:1,handleSubmit
FNDA:1,FetchProduct
FNDA:0,onLoad
FNDA:0,onLoad
DA:1,1
DA:29,3
DA:30,3
DA:31,3
DA:32,3
DA:33,3
DA:34,3
DA:35,3
DA:37,3
DA:38,3
DA:39,3
DA:40,3
DA:41,3
DA:43,3
DA:44,0
DA:45,0
DA:47,3
DA:48,1
DA:49,1
DA:50,1
DA:51,1
DA:52,1
DA:53,1
DA:54,1
DA:55,1
DA:56,1
DA:57,1
DA:58,1
DA:59,1
DA:60,1
DA:61,1
DA:62,1
DA:63,1
DA:64,1
DA:65,1
DA:66,0
DA:67,0
DA:68,0
DA:69,0
DA:70,0
DA:71,0
DA:72,0
DA:73,0
DA:74,0
DA:75,1
DA:77,3
DA:78,1
DA:79,1
DA:80,1
DA:82,1
DA:83,1
DA:84,1
DA:85,0
DA:86,0
DA:87,0
DA:88,0
DA:89,1
DA:91,3
DA:92,1
DA:93,3
DA:95,3
DA:96,3
DA:97,2
DA:98,2
DA:100,2
DA:101,2
DA:102,2
DA:103,2
DA:104,2
DA:105,2
DA:106,2
DA:107,2
DA:109,2
DA:110,2
DA:111,2
DA:112,2
DA:113,2
DA:114,2
DA:115,2
DA:116,2
DA:118,2
DA:119,2
DA:120,2
DA:121,2
DA:122,2
DA:123,2
DA:124,2
DA:125,2
DA:127,2
DA:128,2
DA:129,2
DA:130,2
DA:131,2
DA:132,2
DA:133,2
DA:134,2
DA:136,2
DA:137,2
DA:138,2
DA:139,2
DA:140,2
DA:141,2
DA:142,2
DA:143,2
DA:144,2
DA:145,2
DA:146,2
DA:147,2
DA:148,2
DA:149,2
DA:150,2
DA:151,2
DA:152,2
DA:153,2
DA:154,2
DA:155,2
DA:157,2
DA:158,2
DA:159,2
DA:160,2
DA:161,2
DA:162,2
DA:163,2
DA:164,10
DA:165,10
DA:166,10
DA:167,10
DA:168,10
DA:170,2
DA:171,2
DA:172,2
DA:173,2
DA:174,2
DA:175,2
DA:176,2
DA:178,0
DA:179,0
DA:180,0
DA:181,0
DA:182,0
DA:183,0
DA:185,0
DA:186,0
DA:188,0
DA:189,0
DA:190,0
DA:192,2
DA:195,3
LF:148
LH:122
BRDA:29,0,0,3
BRDA:96,1,0,2
BRDA:113,2,0,0
BRDA:131,3,0,0
BRDA:176,4,0,0
BRDA:47,5,0,1
BRDA:65,6,0,0
BRDA:62,7,0,1
BRDA:77,8,0,1
BRDA:84,9,0,0
BRDA:91,10,0,1
BRDA:163,11,0,10
BRF:12
BRH:7
end_of_record
TN:
SF:src/pages/RatingPage.jsx
FN:36,RatingPage
FN:59,fetchProducts
FN:82,handleClick
FN:85,handlePageChange
FN:169,onClick
FN:177,onClick
FN:184,onClick
FN:191,onClick
FN:205,onClick
FN:213,onClick
FN:246,onClick
FN:254,onClick
FN:261,onClick
FN:268,onClick
FN:282,onClick
FN:290,onClick
FNF:16
FNH:2
FNDA:2,RatingPage
FNDA:1,fetchProducts
FNDA:0,handleClick
FNDA:0,handlePageChange
FNDA:0,onClick
FNDA:0,onClick
FNDA:0,onClick
FNDA:0,onClick
FNDA:0,onClick
FNDA:0,onClick
FNDA:0,onClick
FNDA:0,onClick
FNDA:0,onClick
FNDA:0,onClick
FNDA:0,onClick
FNDA:0,onClick
DA:1,1
DA:36,2
DA:37,2
DA:38,2
DA:39,2
DA:40,2
DA:41,2
DA:42,2
DA:43,2
DA:44,2
DA:45,2
DA:46,2
DA:48,2
DA:49,2
DA:51,2
DA:52,2
DA:53,2
DA:59,2
DA:60,1
DA:61,1
DA:62,1
DA:63,1
DA:64,1
DA:65,1
DA:66,1
DA:67,1
DA:68,1
DA:69,1
DA:70,1
DA:71,1
DA:72,1
DA:73,1
DA:74,1
DA:75,1
DA:76,1
DA:77,0
DA:78,0
DA:79,0
DA:80,1
DA:82,2
DA:83,0
DA:84,0
DA:85,2
DA:86,0
DA:87,0
DA:88,0
DA:89,0
DA:90,0
DA:92,2
DA:93,2
DA:94,2
DA:95,2
DA:96,1
DA:97,2
DA:98,2
DA:99,2
DA:100,1
DA:101,1
DA:102,1
DA:103,1
DA:104,1
DA:105,1
DA:106,1
DA:107,1
DA:108,1
DA:109,1
DA:110,1
DA:111,1
DA:112,0
DA:113,0
DA:114,0
DA:115,0
DA:116,0
DA:117,0
DA:118,0
DA:119,0
DA:121,0
DA:122,0
DA:124,0
DA:125,0
DA:126,0
DA:128,0
DA:130,0
DA:131,0
DA:133,0
DA:134,0
DA:135,0
DA:136,0
DA:137,0
DA:138,0
DA:139,0
DA:140,0
DA:141,0
DA:143,0
DA:144,0
DA:145,0
DA:146,0
DA:147,0
DA:148,0
DA:149,0
DA:150,0
DA:151,0
DA:152,0
DA:153,0
DA:154,0
DA:155,0
DA:156,0
DA:157,0
DA:158,0
DA:159,0
DA:161,1
DA:162,1
DA:163,1
DA:164,1
DA:165,1
DA:166,1
DA:167,1
DA:168,0
DA:169,0
DA:170,0
DA:171,0
DA:172,0
DA:175,1
DA:176,0
DA:177,0
DA:178,0
DA:179,0
DA:180,0
DA:183,1
DA:184,1
DA:185,1
DA:186,1
DA:187,1
DA:189,1
DA:190,0
DA:191,0
DA:192,0
DA:193,0
DA:194,0
DA:197,1
DA:198,0
DA:199,0
DA:200,0
DA:203,1
DA:204,0
DA:205,0
DA:206,0
DA:207,0
DA:208,0
DA:211,1
DA:212,0
DA:213,0
DA:214,0
DA:215,0
DA:216,0
DA:218,1
DA:219,1
DA:220,1
DA:221,1
DA:222,1
DA:224,0
DA:225,0
DA:226,0
DA:227,0
DA:228,0
DA:229,0
DA:230,0
DA:231,0
DA:232,0
DA:234,0
DA:235,0
DA:238,0
DA:239,0
DA:240,0
DA:241,0
DA:242,0
DA:243,0
DA:244,0
DA:245,0
DA:246,0
DA:247,0
DA:248,0
DA:249,0
DA:252,0
DA:253,0
DA:254,0
DA:255,0
DA:256,0
DA:257,0
DA:260,0
DA:261,0
DA:262,0
DA:263,0
DA:264,0
DA:266,0
DA:267,0
DA:268,0
DA:269,0
DA:270,0
DA:271,0
DA:274,0
DA:275,0
DA:276,0
DA:277,0
DA:280,0
DA:281,0
DA:282,0
DA:283,0
DA:284,0
DA:285,0
DA:288,0
DA:289,0
DA:290,0
DA:291,0
DA:292,0
DA:293,0
DA:295,0
DA:296,0
DA:297,0
DA:298,0
DA:299,0
DA:300,0
DA:302,2
LF:223
LH:81
BRDA:36,0,0,2
BRDA:99,1,0,1
BRDA:167,2,0,0
BRDA:175,3,0,0
BRDA:189,4,0,0
BRDA:197,5,0,0
BRDA:203,6,0,0
BRDA:211,7,0,0
BRDA:221,8,0,1
BRDA:222,9,0,0
BRDA:59,10,0,1
BRDA:76,11,0,0
BRDA:95,12,0,1
BRF:13
BRH:5
end_of_record
TN:
SF:src/pages/Shop.jsx
FN:43,Shop
FN:68,handleValueChange
FN:76,handlePageChange
FN:83,fetchProducts
FN:186,onClick
FN:194,onClick
FN:201,onClick
FN:208,onClick
FN:222,onClick
FN:230,onClick
FNF:10
FNH:2
FNDA:2,Shop
FNDA:0,handleValueChange
FNDA:0,handlePageChange
FNDA:1,fetchProducts
FNDA:0,onClick
FNDA:0,onClick
FNDA:0,onClick
FNDA:0,onClick
FNDA:0,onClick
FNDA:0,onClick
DA:1,1
DA:43,2
DA:44,2
DA:45,2
DA:46,2
DA:47,2
DA:48,2
DA:49,2
DA:51,2
DA:52,2
DA:54,2
DA:55,2
DA:56,2
DA:57,2
DA:58,2
DA:59,2
DA:60,2
DA:62,2
DA:63,2
DA:64,2
DA:65,2
DA:66,2
DA:68,2
DA:70,0
DA:71,0
DA:72,0
DA:73,0
DA:74,0
DA:76,2
DA:77,0
DA:78,0
DA:79,0
DA:80,0
DA:81,0
DA:83,2
DA:84,1
DA:85,1
DA:86,1
DA:87,1
DA:88,1
DA:89,1
DA:90,1
DA:91,1
DA:92,1
DA:93,1
DA:94,1
DA:95,1
DA:96,1
DA:97,1
DA:99,1
DA:100,1
DA:101,1
DA:102,1
DA:103,1
DA:104,1
DA:105,0
DA:106,0
DA:107,0
DA:108,0
DA:109,1
DA:111,2
DA:112,1
DA:113,2
DA:114,2
DA:115,1
DA:116,1
DA:117,1
DA:118,1
DA:119,1
DA:120,1
DA:121,1
DA:122,1
DA:123,1
DA:124,1
DA:126,1
DA:127,1
DA:128,1
DA:129,1
DA:130,1
DA:131,1
DA:132,1
DA:133,1
DA:134,1
DA:135,1
DA:136,1
DA:137,1
DA:138,1
DA:139,1
DA:140,1
DA:141,1
DA:143,1
DA:144,1
DA:145,1
DA:146,1
DA:147,1
DA:148,1
DA:150,1
DA:151,1
DA:152,1
DA:153,1
DA:154,1
DA:156,1
DA:157,1
DA:158,1
DA:159,1
DA:160,0
DA:161,0
DA:162,0
DA:163,1
DA:164,1
DA:166,0
DA:167,0
DA:168,0
DA:169,0
DA:170,0
DA:171,0
DA:173,0
DA:174,0
DA:177,0
DA:178,0
DA:179,0
DA:181,1
DA:182,1
DA:183,1
DA:184,1
DA:185,0
DA:186,0
DA:187,0
DA:188,0
DA:189,0
DA:192,1
DA:193,0
DA:194,0
DA:195,0
DA:196,0
DA:197,0
DA:200,1
DA:201,1
DA:202,1
DA:203,1
DA:204,1
DA:206,1
DA:207,0
DA:208,0
DA:209,0
DA:210,0
DA:211,0
DA:214,1
DA:215,0
DA:216,0
DA:217,0
DA:220,1
DA:221,0
DA:222,0
DA:223,0
DA:224,0
DA:225,0
DA:228,1
DA:229,0
DA:230,0
DA:231,0
DA:232,0
DA:233,0
DA:235,1
DA:236,1
DA:237,1
DA:238,1
DA:239,1
DA:240,1
DA:241,1
DA:242,1
DA:243,2
LF:172
LH:116
BRDA:43,0,0,2
BRDA:59,1,0,0
BRDA:60,2,0,0
BRDA:114,3,0,1
BRDA:153,4,0,0
BRDA:164,5,0,0
BRDA:184,6,0,0
BRDA:192,7,0,0
BRDA:206,8,0,0
BRDA:214,9,0,0
BRDA:220,10,0,0
BRDA:228,11,0,0
BRDA:241,12,0,1
BRDA:83,13,0,1
BRDA:104,14,0,0
BRDA:111,15,0,1
BRF:16
BRH:5
end_of_record
TN:
SF:src/pages/index.js
FN:1,(empty-report)
FNF:1
FNH:0
FNDA:0,(empty-report)
DA:1,0
LF:1
LH:0
BRDA:1,0,0,0
BRF:1
BRH:0
end_of_record
TN:
SF:src/pages/__tests__/Cart.test.jsx
FN:11,renderCart
FNF:1
FNH:1
FNDA:1,renderCart
DA:1,1
DA:2,1
DA:11,1
DA:12,1
DA:13,1
DA:14,1
DA:15,1
DA:17,1
DA:18,1
DA:19,1
DA:20,1
DA:21,1
DA:22,1
DA:23,1
DA:24,1
DA:26,1
DA:27,1
DA:29,1
DA:30,1
DA:31,1
DA:32,1
DA:33,1
LF:22
LH:22
BRDA:11,0,0,1
BRDA:26,1,0,1
BRDA:27,2,0,1
BRDA:29,3,0,1
BRF:4
BRH:4
end_of_record
TN:
SF:src/pages/__tests__/CartItem.test.jsx
FN:18,setup
FNF:1
FNH:1
FNDA:1,setup
DA:1,1
DA:2,1
DA:10,1
DA:11,1
DA:12,1
DA:13,1
DA:14,1
DA:15,1
DA:16,1
DA:18,1
DA:19,1
DA:20,1
DA:21,1
DA:22,1
DA:23,1
DA:24,1
DA:25,1
DA:26,1
DA:27,1
DA:28,1
DA:29,1
DA:30,1
DA:31,1
DA:32,1
DA:33,1
DA:34,1
DA:36,1
DA:37,1
DA:39,1
DA:40,1
DA:41,1
DA:42,1
DA:43,1
DA:44,1
LF:34
LH:34
BRDA:18,0,0,1
BRDA:36,1,0,1
BRDA:37,2,0,1
BRDA:39,3,0,1
BRDA:42,4,0,2
BRF:5
BRH:5
end_of_record
TN:
SF:src/pages/__tests__/Categories.test.jsx
FN:10,renderWithSearch
FNF:1
FNH:1
FNDA:2,renderWithSearch
DA:1,1
DA:2,1
DA:10,2
DA:11,2
DA:12,2
DA:13,2
DA:14,2
DA:15,2
DA:16,2
DA:17,2
DA:18,2
DA:19,2
DA:20,2
DA:21,2
DA:22,2
DA:23,2
DA:24,2
DA:25,2
DA:26,2
DA:28,1
DA:29,1
DA:31,1
DA:32,1
DA:33,1
DA:34,1
DA:35,1
DA:36,1
DA:37,1
DA:39,1
DA:40,1
DA:41,1
DA:42,1
DA:43,1
DA:45,1
DA:46,1
LF:35
LH:35
BRDA:10,0,0,2
BRDA:28,1,0,1
BRDA:29,2,0,2
BRDA:31,3,0,1
BRDA:39,4,0,1
BRF:5
BRH:5
end_of_record
TN:
SF:src/pages/__tests__/Department.test.jsx
FNF:0
FNH:0
DA:1,1
DA:2,1
DA:3,1
DA:4,1
DA:5,1
DA:7,1
DA:8,1
DA:9,1
DA:10,1
DA:11,1
DA:12,1
DA:13,1
DA:14,1
DA:15,1
LF:14
LH:14
BRDA:7,0,0,1
BRDA:8,1,0,1
BRF:2
BRH:2
end_of_record
TN:
SF:src/pages/__tests__/Hero.test.jsx
FNF:0
FNH:0
DA:1,1
DA:2,1
DA:3,1
DA:4,1
DA:5,1
DA:7,1
DA:8,1
DA:9,1
DA:10,1
DA:11,1
DA:12,1
DA:13,1
DA:14,1
DA:15,1
LF:14
LH:14
BRDA:7,0,0,1
BRDA:8,1,0,1
BRF:2
BRH:2
end_of_record
TN:
SF:src/pages/__tests__/LoginForm.test.jsx
FN:10,setup
FNF:1
FNH:1
FNDA:1,setup
DA:1,1
DA:2,1
DA:10,1
DA:11,1
DA:12,1
DA:13,1
DA:14,1
DA:15,1
DA:16,1
DA:17,1
DA:18,1
DA:19,1
DA:21,1
DA:22,1
DA:24,1
DA:25,1
DA:26,1
DA:27,1
DA:28,1
DA:29,1
DA:30,1
DA:31,1
DA:33,1
DA:34,1
DA:35,2
DA:36,2
DA:37,2
DA:38,2
DA:39,2
DA:40,2
DA:41,1
DA:42,1
DA:43,1
LF:33
LH:33
BRDA:10,0,0,1
BRDA:21,1,0,1
BRDA:22,2,0,1
BRDA:24,3,0,1
BRDA:34,4,0,2
BRF:5
BRH:5
end_of_record
TN:
SF:src/pages/__tests__/MobileDropdownCategories.test.jsx
FN:10,renderMobile
FNF:1
FNH:1
FNDA:1,renderMobile
DA:1,1
DA:2,1
DA:10,1
DA:11,1
DA:12,1
DA:13,1
DA:14,1
DA:15,1
DA:16,1
DA:17,1
DA:18,1
DA:19,1
DA:20,1
DA:21,1
DA:22,1
DA:23,1
DA:24,1
DA:25,1
DA:26,1
DA:28,1
DA:29,1
DA:31,1
DA:32,1
DA:33,1
DA:34,1
DA:36,1
DA:37,1
LF:27
LH:27
BRDA:10,0,0,1
BRDA:28,1,0,1
BRDA:29,2,0,1
BRDA:31,3,0,1
BRF:4
BRH:4
end_of_record
TN:
SF:src/pages/__tests__/Moderate.test.jsx
FN:10,renderModerate
FNF:1
FNH:1
FNDA:1,renderModerate
DA:1,1
DA:2,1
DA:10,1
DA:11,1
DA:12,1
DA:13,1
DA:14,1
DA:15,1
DA:16,1
DA:17,1
DA:18,1
DA:19,1
DA:20,1
DA:21,1
DA:22,1
DA:23,1
DA:24,1
DA:26,1
DA:27,1
DA:29,1
DA:30,1
DA:31,1
DA:32,1
DA:33,1
LF:24
LH:24
BRDA:10,0,0,1
BRDA:26,1,0,1
BRDA:27,2,0,1
BRDA:29,3,0,1
BRDA:31,4,0,1
BRF:5
BRH:5
end_of_record
TN:
SF:src/pages/__tests__/MyAccount.test.jsx
FN:10,setup
FNF:1
FNH:1
FNDA:1,setup
DA:1,1
DA:2,1
DA:10,1
DA:11,1
DA:12,1
DA:13,1
DA:14,1
DA:15,1
DA:16,1
DA:17,1
DA:18,1
DA:19,1
DA:21,1
DA:22,1
DA:24,1
DA:25,1
DA:26,1
DA:27,1
DA:28,1
DA:29,1
DA:30,1
DA:31,1
DA:32,1
DA:33,1
DA:34,1
DA:35,1
DA:36,1
DA:37,1
DA:38,1
DA:39,1
DA:40,1
DA:41,1
LF:32
LH:32
BRDA:10,0,0,1
BRDA:21,1,0,1
BRDA:22,2,0,1
BRDA:24,3,0,1
BRDA:32,4,0,1
BRF:5
BRH:5
end_of_record
TN:
SF:src/pages/__tests__/Navbar.test.jsx
FN:11,setup
FNF:1
FNH:1
FNDA:2,setup
DA:1,1
DA:2,1
DA:11,2
DA:12,2
DA:13,2
DA:14,2
DA:15,2
DA:16,4
DA:17,2
DA:18,2
DA:19,2
DA:20,2
DA:21,2
DA:23,2
DA:24,2
DA:25,2
DA:26,2
DA:27,2
DA:28,2
DA:29,2
DA:30,2
DA:32,1
DA:33,1
DA:34,2
DA:35,1
DA:37,1
DA:38,1
DA:39,1
DA:40,1
DA:41,1
DA:43,1
DA:44,1
DA:45,1
DA:46,1
DA:47,1
DA:48,1
DA:49,1
DA:50,1
LF:38
LH:38
BRDA:11,0,0,2
BRDA:15,1,0,4
BRDA:16,2,0,2
BRDA:17,3,0,2
BRDA:32,4,0,1
BRDA:33,5,0,2
BRDA:37,6,0,1
BRDA:43,7,0,1
BRF:8
BRH:8
end_of_record
TN:
SF:src/pages/__tests__/OrderItem.test.jsx
FNF:0
FNH:0
DA:1,1
DA:2,1
DA:3,1
DA:4,1
DA:5,1
DA:7,1
DA:8,1
DA:9,1
DA:10,1
DA:11,1
DA:12,1
DA:13,1
DA:14,1
DA:15,1
DA:16,1
DA:17,1
DA:18,1
DA:19,1
DA:20,1
DA:22,1
DA:23,1
DA:24,1
DA:25,1
DA:26,1
DA:27,1
DA:28,1
DA:29,1
DA:30,1
DA:31,1
LF:29
LH:29
BRDA:22,0,0,1
BRDA:23,1,0,1
BRF:2
BRH:2
end_of_record
TN:
SF:src/pages/__tests__/Orders.test.jsx
FN:10,renderOrders
FNF:1
FNH:1
FNDA:1,renderOrders
DA:1,1
DA:2,1
DA:10,1
DA:11,1
DA:12,1
DA:13,1
DA:14,1
DA:15,1
DA:16,1
DA:17,1
DA:18,1
DA:19,1
DA:20,1
DA:21,1
DA:22,1
DA:23,1
DA:24,1
DA:25,1
DA:26,1
DA:27,1
DA:29,1
DA:30,1
DA:32,1
DA:33,1
DA:34,1
DA:35,2
DA:36,1
DA:37,1
DA:38,1
LF:29
LH:29
BRDA:10,0,0,1
BRDA:29,1,0,1
BRDA:30,2,0,1
BRDA:32,3,0,1
BRDA:34,4,0,2
BRF:5
BRH:5
end_of_record
TN:
SF:src/pages/__tests__/Product.test.jsx
FN:20,setup
FNF:1
FNH:1
FNDA:1,setup
DA:1,1
DA:2,1
DA:11,1
DA:12,1
DA:13,1
DA:14,1
DA:15,1
DA:16,1
DA:17,1
DA:18,1
DA:20,1
DA:21,1
DA:22,1
DA:23,1
DA:24,1
DA:25,1
DA:26,1
DA:27,1
DA:28,1
DA:29,1
DA:30,1
DA:31,1
DA:33,1
DA:34,1
DA:36,1
DA:37,1
DA:38,1
DA:39,1
DA:40,1
DA:41,1
DA:42,1
DA:43,1
DA:44,1
DA:45,1
DA:46,1
LF:35
LH:35
BRDA:20,0,0,1
BRDA:33,1,0,1
BRDA:34,2,0,1
BRDA:36,3,0,1
BRDA:41,4,0,1
BRF:5
BRH:5
end_of_record
TN:
SF:src/pages/__tests__/ProductPage.test.jsx
FN:11,renderPage
FNF:1
FNH:1
FNDA:1,renderPage
DA:1,1
DA:2,1
DA:11,1
DA:12,1
DA:13,1
DA:14,1
DA:15,1
DA:16,1
DA:18,1
DA:19,1
DA:20,1
DA:21,1
DA:22,1
DA:23,1
DA:24,1
DA:25,1
DA:26,1
DA:27,1
DA:29,1
DA:30,1
DA:32,1
DA:33,1
DA:34,1
DA:35,1
DA:36,1
DA:37,1
DA:38,1
DA:39,1
DA:40,1
DA:41,1
DA:43,1
DA:45,1
DA:46,2
DA:47,1
DA:48,1
DA:49,1
DA:50,1
DA:51,1
DA:52,1
DA:53,1
DA:54,1
DA:55,1
LF:42
LH:42
BRDA:11,0,0,1
BRDA:29,1,0,1
BRDA:30,2,0,1
BRDA:32,3,0,1
BRDA:45,4,0,2
BRDA:50,5,0,1
BRF:6
BRH:6
end_of_record
TN:
SF:src/pages/__tests__/RatingPage.test.jsx
FN:10,renderRating
FNF:1
FNH:1
FNDA:1,renderRating
DA:1,1
DA:2,1
DA:10,1
DA:11,1
DA:12,1
DA:13,1
DA:14,1
DA:15,1
DA:16,1
DA:17,1
DA:18,1
DA:19,1
DA:20,1
DA:21,1
DA:22,1
DA:23,1
DA:24,1
DA:25,1
DA:26,1
DA:27,1
DA:28,1
DA:30,1
DA:31,1
DA:33,1
DA:34,1
DA:35,1
DA:36,1
DA:37,1
LF:28
LH:28
BRDA:10,0,0,1
BRDA:30,1,0,1
BRDA:31,2,0,1
BRDA:33,3,0,1
BRDA:35,4,0,1
BRF:5
BRH:5
end_of_record
TN:
SF:src/pages/__tests__/RegisterForm.test.jsx
FN:10,setup
FNF:1
FNH:1
FNDA:1,setup
DA:1,1
DA:2,1
DA:10,1
DA:11,1
DA:12,1
DA:13,1
DA:14,1
DA:15,1
DA:16,1
DA:17,1
DA:18,1
DA:19,1
DA:21,1
DA:22,1
DA:24,1
DA:25,1
DA:26,1
DA:27,1
DA:28,1
DA:29,1
DA:30,1
DA:31,1
DA:32,1
DA:33,1
DA:34,1
DA:36,1
DA:37,1
DA:38,2
DA:39,2
DA:40,2
DA:41,2
DA:42,2
DA:43,2
DA:44,1
DA:45,1
DA:46,1
LF:36
LH:36
BRDA:10,0,0,1
BRDA:21,1,0,1
BRDA:22,2,0,1
BRDA:24,3,0,1
BRDA:37,4,0,2
BRF:5
BRH:5
end_of_record
TN:
SF:src/pages/__tests__/Shop.test.jsx
FN:10,renderShop
FNF:1
FNH:1
FNDA:1,renderShop
DA:1,1
DA:2,1
DA:10,1
DA:11,1
DA:12,1
DA:13,1
DA:14,1
DA:15,1
DA:16,1
DA:17,1
DA:18,1
DA:19,1
DA:20,1
DA:21,1
DA:22,1
DA:23,1
DA:24,1
DA:25,1
DA:26,1
DA:27,1
DA:29,1
DA:30,1
DA:32,1
DA:33,1
DA:34,1
DA:35,2
DA:36,1
DA:37,1
DA:38,1
LF:29
LH:29
BRDA:10,0,0,1
BRDA:29,1,0,1
BRDA:30,2,0,1
BRDA:32,3,0,1
BRDA:34,4,0,2
BRF:5
BRH:5
end_of_record
TN:
SF:src/pages/components/CartItem.jsx
FN:28,CartItem
FN:36,addToCart
FN:58,handleValueChange
FN:63,sendToCart
FN:85,handleSubmit
FN:89,nameClick
FN:93,handleClick
FN:108,onClick
FN:124,onLoad
FN:127,onClick
FN:134,onClick
FN:156,ref
FNF:12
FNH:2
FNDA:1,CartItem
FNDA:0,addToCart
FNDA:0,handleValueChange
FNDA:0,sendToCart
FNDA:0,handleSubmit
FNDA:0,nameClick
FNDA:1,handleClick
FNDA:0,onClick
FNDA:0,onLoad
FNDA:0,onClick
FNDA:0,onClick
FNDA:0,ref
DA:1,1
DA:28,1
DA:29,1
DA:30,1
DA:31,1
DA:32,1
DA:33,1
DA:34,1
DA:36,1
DA:37,0
DA:38,0
DA:39,0
DA:40,0
DA:41,0
DA:42,0
DA:43,0
DA:44,0
DA:45,0
DA:46,0
DA:47,0
DA:48,0
DA:49,0
DA:50,0
DA:51,0
DA:52,0
DA:53,0
DA:54,0
DA:55,0
DA:56,0
DA:58,1
DA:59,0
DA:60,0
DA:61,0
DA:63,1
DA:64,0
DA:65,0
DA:66,0
DA:67,0
DA:68,0
DA:69,0
DA:70,0
DA:71,0
DA:72,0
DA:73,0
DA:74,0
DA:75,0
DA:76,0
DA:77,0
DA:78,0
DA:79,0
DA:80,0
DA:81,0
DA:82,0
DA:83,0
DA:85,1
DA:86,0
DA:87,0
DA:89,1
DA:90,0
DA:91,0
DA:93,1
DA:94,1
DA:95,1
DA:96,1
DA:97,1
DA:98,1
DA:99,1
DA:100,1
DA:101,1
DA:102,1
DA:103,1
DA:104,1
DA:105,1
DA:106,1
DA:107,1
DA:108,1
DA:109,1
DA:110,1
DA:111,1
DA:112,1
DA:113,0
DA:114,0
DA:115,1
DA:117,1
DA:118,1
DA:119,1
DA:120,1
DA:121,1
DA:122,1
DA:123,1
DA:124,1
DA:125,1
DA:126,1
DA:127,1
DA:128,1
DA:129,1
DA:130,1
DA:131,1
DA:132,1
DA:133,1
DA:134,1
DA:136,1
DA:137,1
DA:138,1
DA:139,1
DA:140,1
DA:141,1
DA:142,1
DA:143,1
DA:144,1
DA:145,1
DA:146,1
DA:147,1
DA:148,1
DA:149,1
DA:150,1
DA:151,1
DA:152,1
DA:153,1
DA:154,1
DA:155,1
DA:156,1
DA:158,0
DA:161,1
DA:162,1
DA:163,3
DA:164,3
DA:165,3
DA:166,3
DA:167,3
DA:169,3
DA:170,1
DA:171,1
DA:172,1
DA:173,1
DA:174,1
DA:176,1
DA:177,1
DA:179,1
DA:180,1
DA:182,1
LF:141
LH:91
BRDA:28,0,0,1
BRDA:125,1,0,0
BRDA:93,2,0,1
BRDA:112,3,0,0
BRDA:162,4,0,3
BRF:5
BRH:3
end_of_record
TN:
SF:src/pages/components/Categories.jsx
FN:17,Categories
FN:30,handleFilterChange
FN:39,fetchCategories
FN:51,handleApplyFilters
FN:94,onCheckedChange
FN:112,onClick
FNF:6
FNH:5
FNDA:9,Categories
FNDA:1,handleFilterChange
FNDA:3,fetchCategories
FNDA:1,handleApplyFilters
FNDA:1,onCheckedChange
FNDA:0,onClick
DA:1,1
DA:17,9
DA:18,9
DA:19,9
DA:20,9
DA:21,9
DA:23,9
DA:24,9
DA:26,9
DA:27,9
DA:28,9
DA:30,9
DA:31,1
DA:32,1
DA:33,0
DA:34,1
DA:35,1
DA:36,1
DA:37,1
DA:39,9
DA:40,3
DA:41,3
DA:42,3
DA:43,3
DA:44,3
DA:45,3
DA:46,3
DA:47,0
DA:48,0
DA:49,3
DA:51,9
DA:52,1
DA:53,1
DA:55,1
DA:56,1
DA:58,1
DA:59,1
DA:60,1
DA:61,0
DA:62,0
DA:63,1
DA:64,1
DA:66,9
DA:68,3
DA:69,3
DA:70,3
DA:71,3
DA:72,3
DA:73,3
DA:74,9
DA:76,9
DA:77,5
DA:78,5
DA:79,5
DA:80,5
DA:81,5
DA:83,5
DA:84,5
DA:85,5
DA:86,5
DA:87,10
DA:88,10
DA:89,10
DA:91,10
DA:92,10
DA:93,10
DA:94,10
DA:95,1
DA:97,10
DA:98,10
DA:99,10
DA:100,10
DA:102,10
DA:103,10
DA:104,10
DA:105,5
DA:106,5
DA:108,5
DA:109,5
DA:110,5
DA:111,5
DA:112,5
DA:113,0
DA:114,0
DA:115,5
DA:117,5
DA:118,5
DA:119,5
DA:120,5
DA:122,4
DA:124,9
LF:91
LH:84
BRDA:17,0,0,9
BRDA:23,1,0,0
BRDA:24,2,0,7
BRDA:76,3,0,5
BRDA:120,4,0,4
BRDA:30,5,0,1
BRDA:31,6,0,1
BRDA:32,7,0,0
BRDA:39,8,0,3
BRDA:46,9,0,0
BRDA:51,10,0,1
BRDA:60,11,0,0
BRDA:66,12,0,3
BRDA:69,13,0,1
BRDA:69,14,0,2
BRDA:86,15,0,10
BRDA:94,16,0,1
BRF:17
BRH:13
end_of_record
TN:
SF:src/pages/components/Department.jsx
FN:10,Department
FN:12,handleClick
FN:38,onClick
FNF:3
FNH:1
FNDA:2,Department
FNDA:0,handleClick
FNDA:0,onClick
DA:1,1
DA:10,2
DA:11,2
DA:12,2
DA:13,0
DA:14,0
DA:16,2
DA:17,2
DA:18,2
DA:19,2
DA:20,2
DA:22,2
DA:23,2
DA:24,2
DA:25,2
DA:26,2
DA:27,2
DA:28,2
DA:29,2
DA:30,2
DA:31,2
DA:32,2
DA:33,2
DA:34,2
DA:35,20
DA:36,20
DA:37,20
DA:38,20
DA:40,20
DA:41,20
DA:42,20
DA:43,20
DA:44,20
DA:45,2
DA:46,2
DA:47,2
DA:48,2
DA:50,2
LF:38
LH:36
BRDA:10,0,0,2
BRDA:34,1,0,20
BRF:2
BRH:2
end_of_record
TN:
SF:src/pages/components/LoginForm.jsx
FN:34,LoginForm
FN:48,onSubmit
FN:75,render
FN:92,render
FN:101,onChange
FNF:5
FNH:5
FNDA:7,LoginForm
FNDA:1,onSubmit
FNDA:6,render
FNDA:6,render
FNDA:1,onChange
DA:1,1
DA:24,1
DA:25,1
DA:27,1
DA:28,1
DA:34,7
DA:35,7
DA:36,7
DA:37,7
DA:38,7
DA:39,7
DA:40,7
DA:41,7
DA:42,7
DA:43,7
DA:44,7
DA:45,7
DA:46,7
DA:48,7
DA:49,1
DA:50,1
DA:51,1
DA:52,1
DA:53,1
DA:54,1
DA:55,1
DA:56,1
DA:57,1
DA:58,1
DA:59,1
DA:60,1
DA:61,1
DA:62,1
DA:63,1
DA:64,0
DA:65,0
DA:66,0
DA:67,1
DA:69,7
DA:70,7
DA:71,7
DA:72,7
DA:73,7
DA:74,7
DA:75,7
DA:76,6
DA:77,6
DA:78,6
DA:79,6
DA:80,6
DA:81,6
DA:82,6
DA:83,6
DA:84,6
DA:85,6
DA:86,6
DA:88,7
DA:89,7
DA:90,7
DA:91,7
DA:92,7
DA:93,6
DA:94,6
DA:95,6
DA:96,6
DA:97,6
DA:98,6
DA:99,6
DA:100,6
DA:101,6
DA:102,1
DA:103,1
DA:104,1
DA:105,6
DA:106,6
DA:107,6
DA:108,6
DA:110,7
DA:111,7
DA:112,0
DA:113,0
DA:115,0
DA:116,0
DA:118,7
DA:119,7
DA:120,7
DA:122,7
LF:87
LH:80
BRDA:34,0,0,7
BRDA:111,1,0,0
BRDA:48,2,0,1
BRDA:63,3,0,0
BRDA:75,4,0,6
BRDA:92,5,0,6
BRDA:101,6,0,1
BRF:7
BRH:5
end_of_record
TN:
SF:src/pages/components/MobileDropdownCategories.jsx
FN:29,MobileDropdownCategories
FN:45,handleOptionChange
FN:50,handleDeptChange
FN:57,handleFilterChange
FN:102,fetchCategories
FN:113,handleApplyFilters
FN:174,onCheckedChange
FN:197,onCheckedChange
FN:220,onCheckedChange
FN:233,onClick
FNF:10
FNH:2
FNDA:6,MobileDropdownCategories
FNDA:0,handleOptionChange
FNDA:0,handleDeptChange
FNDA:0,handleFilterChange
FNDA:2,fetchCategories
FNDA:0,handleApplyFilters
FNDA:0,onCheckedChange
FNDA:0,onCheckedChange
FNDA:0,onCheckedChange
FNDA:0,onClick
DA:1,1
DA:29,6
DA:30,6
DA:31,6
DA:32,6
DA:34,6
DA:35,6
DA:36,6
DA:38,6
DA:39,6
DA:40,6
DA:42,6
DA:44,6
DA:45,6
DA:46,0
DA:47,0
DA:49,6
DA:50,6
DA:51,0
DA:52,0
DA:53,0
DA:54,0
DA:56,6
DA:57,6
DA:58,0
DA:59,0
DA:60,0
DA:61,0
DA:62,0
DA:63,0
DA:64,0
DA:66,6
DA:67,6
DA:68,6
DA:69,6
DA:70,6
DA:71,6
DA:72,6
DA:74,6
DA:75,6
DA:76,6
DA:77,6
DA:78,6
DA:79,6
DA:80,6
DA:81,6
DA:82,6
DA:83,6
DA:84,6
DA:85,6
DA:87,6
DA:88,6
DA:89,6
DA:90,6
DA:91,6
DA:92,4
DA:93,4
DA:94,4
DA:95,4
DA:96,6
DA:97,6
DA:98,6
DA:100,6
DA:102,6
DA:103,2
DA:104,2
DA:105,1
DA:106,1
DA:107,1
DA:108,1
DA:109,1
DA:110,1
DA:111,2
DA:113,6
DA:114,0
DA:115,0
DA:116,0
DA:119,0
DA:121,0
DA:122,0
DA:124,0
DA:125,0
DA:126,0
DA:127,0
DA:128,0
DA:130,0
DA:131,0
DA:132,0
DA:133,0
DA:134,0
DA:136,0
DA:137,0
DA:138,0
DA:139,0
DA:140,0
DA:142,0
DA:143,0
DA:145,6
DA:147,2
DA:148,2
DA:149,2
DA:150,2
DA:151,6
DA:153,6
DA:154,3
DA:155,3
DA:156,3
DA:157,3
DA:158,3
DA:159,3
DA:160,3
DA:161,0
DA:162,3
DA:163,3
DA:164,3
DA:165,3
DA:166,3
DA:168,3
DA:169,3
DA:170,15
DA:171,15
DA:172,15
DA:173,15
DA:174,15
DA:175,15
DA:176,15
DA:177,15
DA:178,3
DA:179,3
DA:182,3
DA:183,3
DA:184,2
DA:185,2
DA:186,2
DA:187,2
DA:188,2
DA:189,2
DA:190,4
DA:191,4
DA:192,4
DA:194,4
DA:195,4
DA:196,4
DA:197,4
DA:198,0
DA:200,4
DA:201,4
DA:202,4
DA:203,4
DA:204,4
DA:205,2
DA:206,2
DA:207,2
DA:208,2
DA:209,2
DA:211,3
DA:212,3
DA:213,3
DA:214,3
DA:215,3
DA:216,30
DA:217,30
DA:218,30
DA:219,30
DA:220,30
DA:221,30
DA:222,30
DA:223,30
DA:224,3
DA:225,3
DA:226,3
DA:227,3
DA:228,3
DA:230,3
DA:231,3
DA:232,3
DA:233,3
DA:234,0
DA:235,0
DA:236,0
DA:237,0
DA:238,0
DA:239,3
DA:241,3
DA:242,3
DA:243,3
DA:244,3
DA:245,3
DA:246,3
DA:248,6
LF:190
LH:147
BRDA:29,0,0,6
BRDA:38,1,0,2
BRDA:153,2,0,3
BRDA:153,3,0,3
BRDA:160,4,0,0
BRDA:183,5,0,2
BRDA:91,6,0,4
BRDA:102,7,0,2
BRDA:104,8,0,1
BRDA:145,9,0,2
BRDA:148,10,0,0
BRDA:169,11,0,15
BRDA:184,12,0,2
BRDA:189,13,0,4
BRDA:215,14,0,30
BRF:15
BRH:13
end_of_record
TN:
SF:src/pages/components/Navbar.jsx
FN:28,Navbar
FN:39,handleClick
FN:52,totalItems
FN:60,fetchCart
FN:72,fetchUser
FN:84,handleSearch
FN:90,handleLogout
FN:148,onSubmit
FN:160,onChange
FN:233,onClick
FN:251,onSubmit
FN:263,onChange
FNF:12
FNH:5
FNDA:5,Navbar
FNDA:0,handleClick
FNDA:2,totalItems
FNDA:2,fetchCart
FNDA:2,fetchUser
FNDA:0,handleSearch
FNDA:0,handleLogout
FNDA:0,onSubmit
FNDA:1,onChange
FNDA:0,onClick
FNDA:0,onSubmit
FNDA:0,onChange
DA:1,1
DA:28,5
DA:29,5
DA:30,5
DA:31,5
DA:32,5
DA:33,5
DA:34,5
DA:35,5
DA:36,5
DA:37,5
DA:39,5
DA:40,0
DA:41,0
DA:43,5
DA:44,5
DA:46,5
DA:48,5
DA:49,5
DA:50,5
DA:52,5
DA:53,2
DA:54,2
DA:55,0
DA:56,0
DA:57,2
DA:58,2
DA:60,5
DA:61,2
DA:62,2
DA:63,2
DA:64,2
DA:66,2
DA:67,2
DA:68,0
DA:69,0
DA:70,2
DA:72,5
DA:73,2
DA:74,2
DA:75,2
DA:76,2
DA:77,2
DA:78,2
DA:79,2
DA:80,0
DA:81,0
DA:82,2
DA:84,5
DA:85,0
DA:86,0
DA:87,0
DA:88,0
DA:90,5
DA:91,0
DA:92,0
DA:93,0
DA:94,0
DA:95,0
DA:96,0
DA:97,0
DA:99,5
DA:100,2
DA:101,2
DA:102,5
DA:104,5
DA:105,5
DA:106,5
DA:107,5
DA:108,5
DA:109,5
DA:110,5
DA:111,5
DA:112,5
DA:113,5
DA:114,5
DA:115,5
DA:117,5
DA:118,5
DA:119,5
DA:120,5
DA:121,5
DA:123,5
DA:124,5
DA:125,5
DA:126,5
DA:127,5
DA:128,5
DA:129,5
DA:131,5
DA:132,5
DA:133,5
DA:134,5
DA:136,5
DA:137,5
DA:138,5
DA:139,5
DA:140,5
DA:142,5
DA:143,5
DA:144,5
DA:145,5
DA:147,5
DA:148,5
DA:149,0
DA:150,0
DA:151,0
DA:152,5
DA:154,5
DA:155,5
DA:156,5
DA:157,5
DA:158,5
DA:159,5
DA:160,5
DA:161,5
DA:162,5
DA:164,5
DA:165,3
DA:166,3
DA:167,3
DA:168,3
DA:169,0
DA:170,0
DA:171,0
DA:172,3
DA:174,3
DA:175,3
DA:176,3
DA:178,2
DA:179,2
DA:180,2
DA:181,2
DA:182,0
DA:183,0
DA:184,0
DA:185,2
DA:187,2
DA:188,2
DA:189,2
DA:192,5
DA:193,5
DA:194,5
DA:195,5
DA:196,5
DA:197,5
DA:198,5
DA:199,5
DA:200,5
DA:201,3
DA:202,3
DA:203,3
DA:204,3
DA:206,3
DA:207,3
DA:208,3
DA:210,3
DA:211,3
DA:212,3
DA:213,3
DA:215,3
DA:216,3
DA:217,3
DA:218,3
DA:220,3
DA:221,0
DA:222,0
DA:223,0
DA:225,0
DA:226,0
DA:227,0
DA:228,3
DA:230,3
DA:231,3
DA:232,3
DA:233,3
DA:234,3
DA:236,3
DA:237,3
DA:238,3
DA:240,2
DA:241,2
DA:242,2
DA:244,5
DA:245,5
DA:246,5
DA:247,5
DA:249,5
DA:250,5
DA:251,5
DA:252,0
DA:253,0
DA:254,0
DA:255,5
DA:257,5
DA:258,5
DA:259,5
DA:260,5
DA:261,5
DA:262,5
DA:263,5
DA:264,5
DA:265,5
DA:266,5
DA:267,5
DA:268,5
DA:269,5
DA:270,50
DA:271,50
DA:272,50
DA:273,50
DA:274,50
DA:275,50
DA:276,50
DA:277,5
DA:278,5
DA:279,5
DA:280,5
DA:281,5
DA:283,5
LF:220
LH:183
BRDA:28,0,0,5
BRDA:164,1,0,3
BRDA:168,2,0,0
BRDA:176,3,0,2
BRDA:181,4,0,0
BRDA:200,5,0,3
BRDA:220,6,0,0
BRDA:238,7,0,2
BRDA:52,8,0,2
BRDA:54,9,0,0
BRDA:60,10,0,2
BRDA:67,11,0,0
BRDA:72,12,0,2
BRDA:79,13,0,0
BRDA:99,14,0,2
BRDA:160,15,0,1
BRDA:269,16,0,50
BRF:17
BRH:11
end_of_record
TN:
SF:src/pages/components/NotFound.jsx
FN:12,NotFound
FNF:1
FNH:0
FNDA:0,NotFound
DA:1,1
DA:12,0
DA:13,0
DA:14,0
DA:15,0
DA:16,0
DA:17,0
DA:19,0
DA:20,0
DA:21,0
DA:22,0
DA:23,0
DA:24,0
DA:25,0
DA:27,0
DA:28,0
DA:29,0
DA:30,0
DA:31,0
DA:32,0
DA:33,0
DA:34,0
DA:35,0
DA:37,0
DA:38,0
DA:39,0
DA:40,0
DA:42,0
DA:43,0
DA:44,0
DA:45,0
DA:47,0
LF:32
LH:1
BRF:0
BRH:0
end_of_record
TN:
SF:src/pages/components/OrderItem.jsx
FN:22,OrderItem
FN:30,handleClick
FN:58,onClick
FN:72,onClick
FNF:4
FNH:1
FNDA:1,OrderItem
FNDA:0,handleClick
FNDA:0,onClick
FNDA:0,onClick
DA:1,1
DA:22,1
DA:23,1
DA:24,1
DA:25,1
DA:26,1
DA:27,1
DA:28,1
DA:29,1
DA:30,1
DA:31,0
DA:32,0
DA:34,1
DA:35,1
DA:36,1
DA:37,1
DA:38,1
DA:39,1
DA:40,1
DA:41,1
DA:42,1
DA:43,1
DA:44,1
DA:45,1
DA:46,1
DA:47,1
DA:48,1
DA:49,1
DA:50,1
DA:51,1
DA:52,1
DA:53,2
DA:54,2
DA:55,2
DA:56,2
DA:57,2
DA:58,2
DA:59,2
DA:60,1
DA:61,1
DA:62,1
DA:63,1
DA:64,2
DA:65,2
DA:66,2
DA:67,2
DA:68,2
DA:69,2
DA:70,2
DA:71,2
DA:72,2
DA:74,2
DA:75,2
DA:76,2
DA:78,2
DA:79,2
DA:80,2
DA:82,1
DA:83,1
DA:84,1
DA:85,1
DA:86,1
DA:87,1
DA:88,1
DA:90,1
DA:91,1
DA:92,1
DA:94,1
LF:68
LH:66
BRDA:22,0,0,1
BRDA:52,1,0,2
BRDA:63,2,0,2
BRDA:74,3,0,0
BRDA:78,4,0,0
BRDA:65,5,0,3
BRF:6
BRH:4
end_of_record
TN:
SF:src/pages/components/Product.jsx
FN:21,Product
FN:30,productClicked
FN:35,addToCart
FN:79,onLoad
FN:138,onClick
FNF:5
FNH:3
FNDA:2,Product
FNDA:0,productClicked
FNDA:1,addToCart
FNDA:0,onLoad
FNDA:1,onClick
DA:1,1
DA:21,2
DA:22,2
DA:23,2
DA:24,2
DA:25,2
DA:26,2
DA:27,2
DA:28,2
DA:30,2
DA:31,0
DA:32,0
DA:33,0
DA:35,2
DA:36,1
DA:37,1
DA:38,1
DA:39,1
DA:40,1
DA:41,1
DA:42,1
DA:43,1
DA:44,1
DA:45,1
DA:46,1
DA:47,1
DA:48,1
DA:49,1
DA:50,1
DA:51,0
DA:52,0
DA:53,0
DA:54,0
DA:55,0
DA:56,0
DA:57,0
DA:58,0
DA:59,0
DA:60,0
DA:61,1
DA:63,2
DA:64,2
DA:65,2
DA:67,2
DA:68,2
DA:69,2
DA:70,2
DA:71,2
DA:73,2
DA:74,2
DA:75,2
DA:76,2
DA:77,2
DA:78,2
DA:79,2
DA:80,2
DA:81,2
DA:82,2
DA:83,2
DA:84,2
DA:85,2
DA:87,2
DA:88,0
DA:90,2
DA:91,2
DA:92,2
DA:95,2
DA:96,2
DA:97,2
DA:98,2
DA:99,0
DA:101,2
DA:102,2
DA:103,2
DA:104,2
DA:105,2
DA:106,2
DA:107,2
DA:108,2
DA:110,2
DA:111,2
DA:113,2
DA:114,0
DA:116,2
DA:117,2
DA:118,2
DA:121,2
DA:122,0
DA:124,2
DA:125,2
DA:126,2
DA:128,2
DA:129,2
DA:130,0
DA:131,0
DA:132,0
DA:134,2
DA:135,2
DA:136,2
DA:137,2
DA:138,2
DA:140,2
DA:141,2
DA:142,2
DA:143,2
DA:145,2
DA:146,2
DA:148,2
LF:108
LH:88
BRDA:21,0,0,2
BRDA:80,1,0,0
BRDA:87,2,0,0
BRDA:98,3,0,0
BRDA:113,4,0,0
BRDA:121,5,0,0
BRDA:129,6,0,0
BRDA:35,7,0,1
BRDA:50,8,0,0
BRDA:48,9,0,1
BRDA:138,10,0,1
BRF:11
BRH:4
end_of_record
TN:
SF:src/pages/components/RegisterForm.jsx
FN:39,__vite_ssr_import_4__.z.object.refine.message
FN:49,RegisterForm
FN:73,onSubmit
FN:100,render
FN:108,onChange
FN:128,render
FN:146,render
FNF:7
FNH:7
FNDA:1,__vite_ssr_import_4__.z.object.refine.message
FNDA:8,RegisterForm
FNDA:1,onSubmit
FNDA:7,render
FNDA:1,onChange
FNDA:7,render
FNDA:7,render
DA:1,1
DA:30,1
DA:31,1
DA:32,1
DA:33,1
DA:34,1
DA:35,1
DA:36,1
DA:37,1
DA:38,1
DA:39,1
DA:40,1
DA:41,1
DA:42,1
DA:49,8
DA:50,8
DA:51,8
DA:52,8
DA:53,8
DA:54,8
DA:55,8
DA:56,8
DA:57,8
DA:58,8
DA:64,8
DA:65,8
DA:66,8
DA:73,8
DA:75,1
DA:76,1
DA:77,1
DA:78,1
DA:79,1
DA:80,1
DA:82,1
DA:83,1
DA:84,1
DA:85,1
DA:86,1
DA:87,1
DA:88,1
DA:89,0
DA:90,0
DA:91,0
DA:92,1
DA:94,8
DA:95,8
DA:96,8
DA:97,8
DA:98,8
DA:99,8
DA:100,8
DA:101,7
DA:102,7
DA:103,7
DA:104,7
DA:105,7
DA:106,7
DA:107,7
DA:108,7
DA:109,1
DA:110,1
DA:111,1
DA:112,7
DA:113,7
DA:114,7
DA:115,7
DA:117,8
DA:118,8
DA:119,0
DA:120,0
DA:122,0
DA:123,0
DA:125,8
DA:126,8
DA:127,8
DA:128,8
DA:129,7
DA:130,7
DA:131,7
DA:132,7
DA:133,7
DA:134,7
DA:135,7
DA:136,7
DA:137,7
DA:138,7
DA:139,7
DA:140,7
DA:142,8
DA:143,8
DA:144,8
DA:145,8
DA:146,8
DA:147,7
DA:148,7
DA:149,7
DA:150,7
DA:151,7
DA:152,7
DA:153,7
DA:154,7
DA:155,7
DA:156,7
DA:157,7
DA:158,7
DA:160,8
DA:161,8
DA:162,8
DA:163,8
DA:165,8
LF:111
LH:104
BRDA:39,0,0,1
BRDA:49,1,0,8
BRDA:118,2,0,0
BRDA:73,3,0,1
BRDA:88,4,0,0
BRDA:100,5,0,7
BRDA:108,6,0,1
BRDA:128,7,0,7
BRDA:146,8,0,7
BRF:9
BRH:7
end_of_record
TN:
SF:src/pages/components/Star.jsx
FN:12,Star
FNF:1
FNH:0
FNDA:0,Star
DA:1,1
DA:12,0
DA:13,0
DA:14,0
DA:15,0
DA:16,0
DA:17,0
DA:18,0
DA:19,0
DA:20,0
DA:21,0
DA:22,0
DA:23,0
DA:24,0
DA:25,0
DA:26,0
DA:27,0
DA:28,0
DA:29,0
DA:30,0
DA:31,0
DA:32,0
DA:33,0
DA:35,0
DA:36,0
DA:37,0
DA:38,0
DA:39,0
DA:40,0
DA:41,0
DA:42,0
DA:43,0
DA:45,0
LF:33
LH:1
BRF:0
BRH:0
end_of_record
TN:
SF:src/pages/components/StaticStar.jsx
FN:10,StaticStar
FNF:1
FNH:1
FNDA:4,StaticStar
DA:1,1
DA:10,4
DA:11,4
DA:12,4
DA:13,4
DA:14,4
DA:15,4
DA:16,4
DA:17,4
DA:18,4
DA:19,4
DA:21,4
LF:12
LH:12
BRDA:10,0,0,4
BRF:1
BRH:1
end_of_record
TN:
SF:src/pages/components/index.js
FNF:0
FNH:0
DA:1,1
LF:1
LH:1
BRF:0
BRH:0
end_of_record
TN:
SF:src/routes/PrivateRoutes.jsx
FN:13,PrivateRoutes
FN:20,verifyToken
FNF:2
FNH:2
FNDA:4,PrivateRoutes
FNDA:2,verifyToken
DA:1,1
DA:2,1
DA:3,1
DA:13,1
DA:14,4
DA:15,4
DA:16,4
DA:17,4
DA:19,4
DA:20,2
DA:21,2
DA:23,2
DA:24,2
DA:25,2
DA:26,2
DA:27,2
DA:28,2
DA:29,2
DA:30,1
DA:31,1
DA:32,1
DA:33,1
DA:34,1
DA:35,2
DA:37,2
DA:38,4
DA:40,4
DA:41,2
DA:42,2
DA:44,4
DA:45,4
DA:47,1
LF:32
LH:32
BRDA:13,0,0,4
BRDA:40,1,0,2
BRDA:44,2,0,1
BRDA:44,3,0,1
BRDA:19,4,0,2
BRDA:20,5,0,2
BRDA:29,6,0,1
BRF:7
BRH:7
end_of_record
TN:
SF:src/routes/__tests__/PrivateRoutes.test.jsx
FN:10,renderWithRouter
FNF:1
FNH:1
FNDA:2,renderWithRouter
DA:1,1
DA:2,1
DA:10,2
DA:11,2
DA:12,2
DA:13,2
DA:14,2
DA:15,2
DA:16,2
DA:17,2
DA:18,2
DA:19,2
DA:20,2
DA:21,2
DA:23,1
DA:24,1
DA:25,2
DA:26,1
DA:28,1
DA:29,1
DA:30,1
DA:31,1
DA:33,1
DA:34,1
DA:35,1
DA:37,1
DA:38,1
DA:39,1
DA:40,1
DA:42,1
DA:43,1
DA:44,1
DA:45,1
LF:33
LH:33
BRDA:10,0,0,2
BRDA:23,1,0,1
BRDA:24,2,0,2
BRDA:28,3,0,1
BRDA:34,4,0,2
BRDA:37,5,0,1
BRDA:43,6,0,2
BRF:7
BRH:7
end_of_record
